Using pre-set license
Built from '2022.3/release' branch; Version is '2022.3.20f1 (61c2feb0970d) revision 6406910'; Using compiler version '192829333'; Build Type 'Release'
OS: 'Windows 11  (10.0.22631) 64bit Core' Language: 'pt' Physical Memory: 15731 MB
BatchMode: 1, IsHumanControllingUs: 0, StartBugReporterOnCrash: 0, Is64bit: 1, IsPro: 1

COMMAND LINE ARGUMENTS:
C:\Program Files\Unity\Hub\Editor\2022.3.20f1\Editor\Unity.exe
-adb2
-batchMode
-noUpm
-name
AssetImportWorker10
-projectPath
C:/Users/digas/Desktop/Uni/2Âº Ano/S2/TM/TP1-29950-29216-master
-logFile
Logs/AssetImportWorker10.log
-srvPort
58106
Successfully changed project path to: C:/Users/digas/Desktop/Uni/2Âº Ano/S2/TM/TP1-29950-29216-master
C:/Users/digas/Desktop/Uni/2Âº Ano/S2/TM/TP1-29950-29216-master
[UnityMemory] Configuration Parameters - Can be set up in boot.config
    "memorysetup-bucket-allocator-granularity=16"
    "memorysetup-bucket-allocator-bucket-count=8"
    "memorysetup-bucket-allocator-block-size=33554432"
    "memorysetup-bucket-allocator-block-count=8"
    "memorysetup-main-allocator-block-size=16777216"
    "memorysetup-thread-allocator-block-size=16777216"
    "memorysetup-gfx-main-allocator-block-size=16777216"
    "memorysetup-gfx-thread-allocator-block-size=16777216"
    "memorysetup-cache-allocator-block-size=4194304"
    "memorysetup-typetree-allocator-block-size=2097152"
    "memorysetup-profiler-bucket-allocator-granularity=16"
    "memorysetup-profiler-bucket-allocator-bucket-count=8"
    "memorysetup-profiler-bucket-allocator-block-size=33554432"
    "memorysetup-profiler-bucket-allocator-block-count=8"
    "memorysetup-profiler-allocator-block-size=16777216"
    "memorysetup-profiler-editor-allocator-block-size=1048576"
    "memorysetup-temp-allocator-size-main=16777216"
    "memorysetup-job-temp-allocator-block-size=2097152"
    "memorysetup-job-temp-allocator-block-size-background=1048576"
    "memorysetup-job-temp-allocator-reduction-small-platforms=262144"
    "memorysetup-allocator-temp-initial-block-size-main=262144"
    "memorysetup-allocator-temp-initial-block-size-worker=262144"
    "memorysetup-temp-allocator-size-background-worker=32768"
    "memorysetup-temp-allocator-size-job-worker=262144"
    "memorysetup-temp-allocator-size-preload-manager=33554432"
    "memorysetup-temp-allocator-size-nav-mesh-worker=65536"
    "memorysetup-temp-allocator-size-audio-worker=65536"
    "memorysetup-temp-allocator-size-cloud-worker=32768"
    "memorysetup-temp-allocator-size-gi-baking-worker=262144"
    "memorysetup-temp-allocator-size-gfx=262144"
Player connection [17564] Host "[IP] 192.168.56.1 [Port] 0 [Flags] 2 [Guid] 4007343738 [EditorId] 4007343738 [Version] 1048832 [Id] WindowsEditor(7,PC_DIOGO) [Debug] 1 [PackageName] WindowsEditor [ProjectName] Editor" joined multi-casting on [225.0.0.222:54997]...

Player connection [17564] Host "[IP] 192.168.56.1 [Port] 0 [Flags] 2 [Guid] 4007343738 [EditorId] 4007343738 [Version] 1048832 [Id] WindowsEditor(7,PC_DIOGO) [Debug] 1 [PackageName] WindowsEditor [ProjectName] Editor" joined alternative multi-casting on [225.0.0.222:34997]...

[Physics::Module] Initialized MultithreadedJobDispatcher with 15 workers.
Refreshing native plugins compatible for Editor in 208.71 ms, found 3 plugins.
Preloading 0 native plugins for Editor in 0.00 ms.
Initialize engine version: 2022.3.20f1 (61c2feb0970d)
[Subsystems] Discovering subsystems at path C:/Program Files/Unity/Hub/Editor/2022.3.20f1/Editor/Data/Resources/UnitySubsystems
[Subsystems] Discovering subsystems at path C:/Users/digas/Desktop/Uni/2Âº Ano/S2/TM/TP1-29950-29216-master/Assets
GfxDevice: creating device client; threaded=0; jobified=0
Direct3D:
    Version:  Direct3D 11.0 [level 11.1]
    Renderer: NVIDIA GeForce RTX 2060 (ID=0x1f15)
    Vendor:   NVIDIA
    VRAM:     5955 MB
    Driver:   31.0.15.5212
Initialize mono
Mono path[0] = 'C:/Program Files/Unity/Hub/Editor/2022.3.20f1/Editor/Data/Managed'
Mono path[1] = 'C:/Program Files/Unity/Hub/Editor/2022.3.20f1/Editor/Data/MonoBleedingEdge/lib/mono/unityjit-win32'
Mono config path = 'C:/Program Files/Unity/Hub/Editor/2022.3.20f1/Editor/Data/MonoBleedingEdge/etc'
Using monoOptions --debugger-agent=transport=dt_socket,embedding=1,server=y,suspend=n,address=127.0.0.1:56644
Begin MonoManager ReloadAssembly
Registering precompiled unity dll's ...
Register platform support module: C:/Program Files/Unity/Hub/Editor/2022.3.20f1/Editor/Data/PlaybackEngines/WebGLSupport/UnityEditor.WebGL.Extensions.dll
Register platform support module: C:/Program Files/Unity/Hub/Editor/2022.3.20f1/Editor/Data/PlaybackEngines/WindowsStandaloneSupport/UnityEditor.WindowsStandalone.Extensions.dll
Registered in 0.024117 seconds.
- Loaded All Assemblies, in  1.013 seconds
Native extension for WindowsStandalone target not found
Native extension for WebGL target not found
Mono: successfully reloaded assembly
- Finished resetting the current domain, in  0.374 seconds
Domain Reload Profiling: 1382ms
	BeginReloadAssembly (234ms)
		ExecutionOrderSort (0ms)
		DisableScriptedObjects (0ms)
		BackupInstance (0ms)
		ReleaseScriptingObjects (0ms)
		CreateAndSetChildDomain (1ms)
	RebuildCommonClasses (60ms)
	RebuildNativeTypeToScriptingClass (19ms)
	initialDomainReloadingComplete (142ms)
	LoadAllAssembliesAndSetupDomain (553ms)
		LoadAssemblies (230ms)
		RebuildTransferFunctionScriptingTraits (0ms)
		AnalyzeDomain (549ms)
			TypeCache.Refresh (547ms)
				TypeCache.ScanAssembly (532ms)
			ScanForSourceGeneratedMonoScriptInfo (0ms)
			ResolveRequiredComponents (1ms)
	FinalizeReload (374ms)
		ReleaseScriptCaches (0ms)
		RebuildScriptCaches (0ms)
		SetupLoadedEditorAssemblies (312ms)
			LogAssemblyErrors (0ms)
			InitializePlatformSupportModulesInManaged (13ms)
			SetLoadedEditorAssemblies (6ms)
			RefreshPlugins (0ms)
			BeforeProcessingInitializeOnLoad (3ms)
			ProcessInitializeOnLoadAttributes (229ms)
			ProcessInitializeOnLoadMethodAttributes (61ms)
			AfterProcessingInitializeOnLoad (0ms)
			EditorAssembliesLoaded (0ms)
		ExecutionOrderSort2 (0ms)
		AwakeInstancesAfterBackupRestoration (0ms)
========================================================================
Worker process is ready to serve import requests
Begin MonoManager ReloadAssembly
- Loaded All Assemblies, in  1.215 seconds
Refreshing native plugins compatible for Editor in 9.39 ms, found 3 plugins.
Native extension for WindowsStandalone target not found
Native extension for WebGL target not found
Package Manager log level set to [2]
[Package Manager] Server::EnsureServerProcessIsRunning -- launch failed, reason: Unity was launched with the -noUpm command-line argument
[Package Manager] UpmClient::Send -- Unable to send message (not connected to UPM process).
[Package Manager] Cannot connect to Unity Package Manager local server
Mono: successfully reloaded assembly
- Finished resetting the current domain, in  0.795 seconds
Domain Reload Profiling: 2002ms
	BeginReloadAssembly (237ms)
		ExecutionOrderSort (0ms)
		DisableScriptedObjects (8ms)
		BackupInstance (0ms)
		ReleaseScriptingObjects (0ms)
		CreateAndSetChildDomain (23ms)
	RebuildCommonClasses (36ms)
	RebuildNativeTypeToScriptingClass (12ms)
	initialDomainReloadingComplete (49ms)
	LoadAllAssembliesAndSetupDomain (873ms)
		LoadAssemblies (659ms)
		RebuildTransferFunctionScriptingTraits (0ms)
		AnalyzeDomain (368ms)
			TypeCache.Refresh (339ms)
				TypeCache.ScanAssembly (224ms)
			ScanForSourceGeneratedMonoScriptInfo (23ms)
			ResolveRequiredComponents (5ms)
	FinalizeReload (796ms)
		ReleaseScriptCaches (0ms)
		RebuildScriptCaches (0ms)
		SetupLoadedEditorAssemblies (612ms)
			LogAssemblyErrors (0ms)
			InitializePlatformSupportModulesInManaged (12ms)
			SetLoadedEditorAssemblies (7ms)
			RefreshPlugins (0ms)
			BeforeProcessingInitializeOnLoad (98ms)
			ProcessInitializeOnLoadAttributes (460ms)
			ProcessInitializeOnLoadMethodAttributes (24ms)
			AfterProcessingInitializeOnLoad (12ms)
			EditorAssembliesLoaded (0ms)
		ExecutionOrderSort2 (0ms)
		AwakeInstancesAfterBackupRestoration (13ms)
Launched and connected shader compiler UnityShaderCompiler.exe after 0.09 seconds
Refreshing native plugins compatible for Editor in 5.45 ms, found 3 plugins.
Preloading 0 native plugins for Editor in 0.00 ms.
Unloading 3712 Unused Serialized files (Serialized files now loaded: 0)
Unloading 49 unused Assets / (1.8 MB). Loaded Objects now: 4165.
Memory consumption went from 232.5 MB to 230.7 MB.
Total: 4.538900 ms (FindLiveObjects: 0.407600 ms CreateObjectMapping: 0.227600 ms MarkObjects: 3.243500 ms  DeleteObjects: 0.658400 ms)

AssetImportParameters requested are different than current active one (requested -> active):
  custom:container-demuxer-ogg: 62fdf1f143b41e24485cea50d1cbac27 -> 
  custom:video-codec-MediaFoundation-h265: 746d11721c4dcdbdad8f713fa42b33f4 -> 
  custom:video-decoder-ogg-theora: a1e56fd34408186e4bbccfd4996cb3dc -> 
  custom:framework-win-MediaFoundation: 216162199b28c13a410421893ffa2e32 -> 
  custom:CustomObjectIndexerAttribute: 6d391050e5a25f67b0a2c618074f2cd9 -> 
  custom:container-demuxer-webm: 4f35f7cbe854078d1ac9338744f61a02 -> 
  custom:container-muxer-webm: aa71ff27fc2769a1b78a27578f13a17b -> 
  custom:video-decoder-webm-vp8: 9c59270c3fd7afecdb556c50c9e8de78 -> 
  custom:SearchIndexIgnoredProperties: e643bd26f0fe6173181afceb89e7c659 -> 
  custom:AudioImporter_EditorPlatform: d09bf68614088b80899f8185d706f6e7 -> 
  custom:video-encoder-webm-vp8: eb34c28f22e8b96e1ab97ce403110664 -> 
  custom:audio-decoder-ogg-vorbis: bf7c407c2cedff20999df2af8eb42d56 -> 
  custom:audio-encoder-webm-vorbis: bf7c407c2cedff20999df2af8eb42d56 -> 
========================================================================
Received Import Request.
  Time since last request: 58406.515394 seconds.
  path: Assets/Halloween Pack-Cemetery Snap/Materials/Emissive materials/Spooky_Pumpkin.mat
  artifactKey: Guid(453d07e2a9a1090448159d8c0dea0695) Importer(815301076,1909f56bfc062723c751e8b465ee728b)
Start importing Assets/Halloween Pack-Cemetery Snap/Materials/Emissive materials/Spooky_Pumpkin.mat using Guid(453d07e2a9a1090448159d8c0dea0695) Importer(815301076,1909f56bfc062723c751e8b465ee728b)  -> (artifact id: '407ef4321e0a2231a4820da4f915237b') in 0.126654 seconds
Number of updated asset objects reloaded before import = 0
Number of asset objects unloaded after import = 1
========================================================================
Received Import Request.
  Time since last request: 29.532795 seconds.
  path: Assets/Halloween Pack-Cemetery Snap/FBX/Candle_C.fbx
  artifactKey: Guid(d25057f8f9bcd4e47983e674b74d696d) Importer(815301076,1909f56bfc062723c751e8b465ee728b)
Start importing Assets/Halloween Pack-Cemetery Snap/FBX/Candle_C.fbx using Guid(d25057f8f9bcd4e47983e674b74d696d) Importer(815301076,1909f56bfc062723c751e8b465ee728b)  -> (artifact id: 'f1982014bbca98a09888c55641aa2d2b') in 0.135203 seconds
Number of updated asset objects reloaded before import = 0
Number of asset objects unloaded after import = 7
========================================================================
Received Import Request.
  Time since last request: 0.000234 seconds.
  path: Assets/Halloween Pack-Cemetery Snap/FBX/Grass_tile_corner_D.fbx
  artifactKey: Guid(6304100e238cecd4ca065a31e66a1b8b) Importer(815301076,1909f56bfc062723c751e8b465ee728b)
Start importing Assets/Halloween Pack-Cemetery Snap/FBX/Grass_tile_corner_D.fbx using Guid(6304100e238cecd4ca065a31e66a1b8b) Importer(815301076,1909f56bfc062723c751e8b465ee728b)  -> (artifact id: '05337604a55b9944fa2caa8ad97bfaaa') in 0.066944 seconds
Number of updated asset objects reloaded before import = 0
Number of asset objects unloaded after import = 7
========================================================================
Received Import Request.
  Time since last request: 0.000198 seconds.
  path: Assets/Halloween Pack-Cemetery Snap/FBX/Gravestone S1.fbx
  artifactKey: Guid(384a8074e8ef7324a9137a352b0dce3c) Importer(815301076,1909f56bfc062723c751e8b465ee728b)
Start importing Assets/Halloween Pack-Cemetery Snap/FBX/Gravestone S1.fbx using Guid(384a8074e8ef7324a9137a352b0dce3c) Importer(815301076,1909f56bfc062723c751e8b465ee728b)  -> (artifact id: 'eabf671a5e2ac45352d489d03ddc2e21') in 0.030154 seconds
Number of updated asset objects reloaded before import = 0
Number of asset objects unloaded after import = 7
========================================================================
Received Import Request.
  Time since last request: 0.000027 seconds.
  path: Assets/Halloween Pack-Cemetery Snap/FBX/Dirt_tile_B.fbx
  artifactKey: Guid(60d65c8982f76334db78e1c68a2f015f) Importer(815301076,1909f56bfc062723c751e8b465ee728b)
Start importing Assets/Halloween Pack-Cemetery Snap/FBX/Dirt_tile_B.fbx using Guid(60d65c8982f76334db78e1c68a2f015f) Importer(815301076,1909f56bfc062723c751e8b465ee728b)  -> (artifact id: '3bf7f316bde24bc28cadf626bdccfd90') in 0.031658 seconds
Number of updated asset objects reloaded before import = 0
Number of asset objects unloaded after import = 7
========================================================================
Received Import Request.
  Time since last request: 0.000027 seconds.
  path: Assets/Halloween Pack-Cemetery Snap/FBX/Gravestone S3.fbx
  artifactKey: Guid(40db040c054ba95409dd00e9927b98d5) Importer(815301076,1909f56bfc062723c751e8b465ee728b)
Start importing Assets/Halloween Pack-Cemetery Snap/FBX/Gravestone S3.fbx using Guid(40db040c054ba95409dd00e9927b98d5) Importer(815301076,1909f56bfc062723c751e8b465ee728b)  -> (artifact id: '737eb01144653317ddacc98871640320') in 0.028753 seconds
Number of updated asset objects reloaded before import = 0
Number of asset objects unloaded after import = 7
========================================================================
Received Import Request.
  Time since last request: 0.000036 seconds.
  path: Assets/Halloween Pack-Cemetery Snap/FBX/Dirt_tile_C.fbx
  artifactKey: Guid(721949b5f43c4234087bb574a9cfc82f) Importer(815301076,1909f56bfc062723c751e8b465ee728b)
Start importing Assets/Halloween Pack-Cemetery Snap/FBX/Dirt_tile_C.fbx using Guid(721949b5f43c4234087bb574a9cfc82f) Importer(815301076,1909f56bfc062723c751e8b465ee728b)  -> (artifact id: '05d403fb713d92ce144e06a7ba642a72') in 0.029789 seconds
Number of updated asset objects reloaded before import = 0
Number of asset objects unloaded after import = 7
========================================================================
Received Import Request.
  Time since last request: 0.000038 seconds.
  path: Assets/Halloween Pack-Cemetery Snap/FBX/Gravestone_D_Destroyed.fbx
  artifactKey: Guid(a741c5be0368036439e1af37f97a5631) Importer(815301076,1909f56bfc062723c751e8b465ee728b)
Start importing Assets/Halloween Pack-Cemetery Snap/FBX/Gravestone_D_Destroyed.fbx using Guid(a741c5be0368036439e1af37f97a5631) Importer(815301076,1909f56bfc062723c751e8b465ee728b)  -> (artifact id: 'f26835b8a29e85ea1d24a107686588f3') in 0.032769 seconds
Number of updated asset objects reloaded before import = 0
Number of asset objects unloaded after import = 7
========================================================================
Received Import Request.
  Time since last request: 0.000041 seconds.
  path: Assets/Halloween Pack-Cemetery Snap/FBX/Gravestone S2.fbx
  artifactKey: Guid(95e52cdee0a79e944b784135cf35940c) Importer(815301076,1909f56bfc062723c751e8b465ee728b)
Start importing Assets/Halloween Pack-Cemetery Snap/FBX/Gravestone S2.fbx using Guid(95e52cdee0a79e944b784135cf35940c) Importer(815301076,1909f56bfc062723c751e8b465ee728b)  -> (artifact id: '036c8c7ae292143f32b9e170d135cdbc') in 0.030539 seconds
Number of updated asset objects reloaded before import = 0
Number of asset objects unloaded after import = 7
========================================================================
Received Import Request.
  Time since last request: 0.000034 seconds.
  path: Assets/Halloween Pack-Cemetery Snap/FBX/Gravestone_B_Destroyed.fbx
  artifactKey: Guid(b7f4584342bdb0d48b089f8d12a4ae99) Importer(815301076,1909f56bfc062723c751e8b465ee728b)
Start importing Assets/Halloween Pack-Cemetery Snap/FBX/Gravestone_B_Destroyed.fbx using Guid(b7f4584342bdb0d48b089f8d12a4ae99) Importer(815301076,1909f56bfc062723c751e8b465ee728b)  -> (artifact id: '51dbd5f9dce9e46db801c14ad336e91d') in 0.029099 seconds
Number of updated asset objects reloaded before import = 0
Number of asset objects unloaded after import = 7
========================================================================
Received Import Request.
  Time since last request: 0.000039 seconds.
  path: Assets/Halloween Pack-Cemetery Snap/FBX/Fence_wall_corner_A.fbx
  artifactKey: Guid(a0c1f37073830e940887affe8a12cd76) Importer(815301076,1909f56bfc062723c751e8b465ee728b)
Start importing Assets/Halloween Pack-Cemetery Snap/FBX/Fence_wall_corner_A.fbx using Guid(a0c1f37073830e940887affe8a12cd76) Importer(815301076,1909f56bfc062723c751e8b465ee728b)  -> (artifact id: '119fa007b886a3a8263c5564c7e1862d') in 0.032086 seconds
Number of updated asset objects reloaded before import = 0
Number of asset objects unloaded after import = 7
========================================================================
Received Import Request.
  Time since last request: 0.000055 seconds.
  path: Assets/Halloween Pack-Cemetery Snap/FBX/Candle_Group_C.fbx
  artifactKey: Guid(b1e9be037df47bc49a147ba9c2c29b8c) Importer(815301076,1909f56bfc062723c751e8b465ee728b)
Start importing Assets/Halloween Pack-Cemetery Snap/FBX/Candle_Group_C.fbx using Guid(b1e9be037df47bc49a147ba9c2c29b8c) Importer(815301076,1909f56bfc062723c751e8b465ee728b)  -> (artifact id: '24a325233058bb486cb055ce04a92cfe') in 0.031686 seconds
Number of updated asset objects reloaded before import = 0
Number of asset objects unloaded after import = 7
========================================================================
Received Import Request.
  Time since last request: 0.000039 seconds.
  path: Assets/Halloween Pack-Cemetery Snap/FBX/Fence Wall B.fbx
  artifactKey: Guid(96b3ccfc1692f0146a6eec2d3fb8adf3) Importer(815301076,1909f56bfc062723c751e8b465ee728b)
Start importing Assets/Halloween Pack-Cemetery Snap/FBX/Fence Wall B.fbx using Guid(96b3ccfc1692f0146a6eec2d3fb8adf3) Importer(815301076,1909f56bfc062723c751e8b465ee728b)  -> (artifact id: '2251872ad1b9dd37da1331ff8c177b75') in 0.027149 seconds
Number of updated asset objects reloaded before import = 0
Number of asset objects unloaded after import = 7
========================================================================
Received Import Request.
  Time since last request: 0.000033 seconds.
  path: Assets/Halloween Pack-Cemetery Snap/FBX/Grass_tile_in_B.fbx
  artifactKey: Guid(e7d06ede27845874d9269fa014e5efb1) Importer(815301076,1909f56bfc062723c751e8b465ee728b)
Start importing Assets/Halloween Pack-Cemetery Snap/FBX/Grass_tile_in_B.fbx using Guid(e7d06ede27845874d9269fa014e5efb1) Importer(815301076,1909f56bfc062723c751e8b465ee728b)  -> (artifact id: 'ca968e9fb82b1ddb07f4d4ada5705c16') in 0.027619 seconds
Number of updated asset objects reloaded before import = 0
Number of asset objects unloaded after import = 7
========================================================================
Received Import Request.
  Time since last request: 0.000023 seconds.
  path: Assets/Halloween Pack-Cemetery Snap/FBX/Grass_tile_in_D.fbx
  artifactKey: Guid(43ae027169cf672479cfec9af606b1e5) Importer(815301076,1909f56bfc062723c751e8b465ee728b)
Start importing Assets/Halloween Pack-Cemetery Snap/FBX/Grass_tile_in_D.fbx using Guid(43ae027169cf672479cfec9af606b1e5) Importer(815301076,1909f56bfc062723c751e8b465ee728b)  -> (artifact id: 'f74b38fe452f785d47e49b26143ea6ea') in 0.026585 seconds
Number of updated asset objects reloaded before import = 0
Number of asset objects unloaded after import = 7
========================================================================
Received Import Request.
  Time since last request: 0.000043 seconds.
  path: Assets/Halloween Pack-Cemetery Snap/FBX/Grass_tile_corner_C.fbx
  artifactKey: Guid(f7ffee472181bf44ea4bfaff3589be27) Importer(815301076,1909f56bfc062723c751e8b465ee728b)
Start importing Assets/Halloween Pack-Cemetery Snap/FBX/Grass_tile_corner_C.fbx using Guid(f7ffee472181bf44ea4bfaff3589be27) Importer(815301076,1909f56bfc062723c751e8b465ee728b)  -> (artifact id: 'd41d93b9d9a08e931957af287f8ef591') in 0.025829 seconds
Number of updated asset objects reloaded before import = 0
Number of asset objects unloaded after import = 7
========================================================================
Received Import Request.
  Time since last request: 0.000025 seconds.
  path: Assets/Halloween Pack-Cemetery Snap/FBX/Fence_wall_corner_C.fbx
  artifactKey: Guid(e862a25f1b51db04d8fa649763c478cd) Importer(815301076,1909f56bfc062723c751e8b465ee728b)
Start importing Assets/Halloween Pack-Cemetery Snap/FBX/Fence_wall_corner_C.fbx using Guid(e862a25f1b51db04d8fa649763c478cd) Importer(815301076,1909f56bfc062723c751e8b465ee728b)  -> (artifact id: '6a07ee7dc67fcff9df5db0fd0ce3f27f') in 0.025612 seconds
Number of updated asset objects reloaded before import = 0
Number of asset objects unloaded after import = 7
========================================================================
Received Import Request.
  Time since last request: 0.000047 seconds.
  path: Assets/Halloween Pack-Cemetery Snap/FBX/Gravestone_H.fbx
  artifactKey: Guid(93443f433ccbdf041a7812e47cda15a0) Importer(815301076,1909f56bfc062723c751e8b465ee728b)
Start importing Assets/Halloween Pack-Cemetery Snap/FBX/Gravestone_H.fbx using Guid(93443f433ccbdf041a7812e47cda15a0) Importer(815301076,1909f56bfc062723c751e8b465ee728b)  -> (artifact id: 'de51be9cb6715a8c24d2926fd60a02c9') in 0.027179 seconds
Number of updated asset objects reloaded before import = 0
Number of asset objects unloaded after import = 7
========================================================================
Received Import Request.
  Time since last request: 0.000042 seconds.
  path: Assets/Halloween Pack-Cemetery Snap/FBX/Pickaxe.fbx
  artifactKey: Guid(ef089dea9dcfbbc42a9b9a8c4b59e1f2) Importer(815301076,1909f56bfc062723c751e8b465ee728b)
Start importing Assets/Halloween Pack-Cemetery Snap/FBX/Pickaxe.fbx using Guid(ef089dea9dcfbbc42a9b9a8c4b59e1f2) Importer(815301076,1909f56bfc062723c751e8b465ee728b)  -> (artifact id: 'a325fd5920c4b3b76fc2e760c94465f3') in 0.023830 seconds
Number of updated asset objects reloaded before import = 0
Number of asset objects unloaded after import = 7
========================================================================
Received Import Request.
  Time since last request: 0.530562 seconds.
  path: Assets/Halloween Pack-Cemetery Snap/FBX/Pumpkin_G.fbx
  artifactKey: Guid(edff647e6f882924ea83f2c6d1306ada) Importer(815301076,1909f56bfc062723c751e8b465ee728b)
Start importing Assets/Halloween Pack-Cemetery Snap/FBX/Pumpkin_G.fbx using Guid(edff647e6f882924ea83f2c6d1306ada) Importer(815301076,1909f56bfc062723c751e8b465ee728b)  -> (artifact id: '3f77fc0bb17760ddaa2d409b478bb3d8') in 0.029198 seconds
Number of updated asset objects reloaded before import = 0
Number of asset objects unloaded after import = 7
========================================================================
Received Import Request.
  Time since last request: 0.000580 seconds.
  path: Assets/Halloween Pack-Cemetery Snap/FBX/Rock_B.fbx
  artifactKey: Guid(bbbd8364ada48c74da856602edf98121) Importer(815301076,1909f56bfc062723c751e8b465ee728b)
Start importing Assets/Halloween Pack-Cemetery Snap/FBX/Rock_B.fbx using Guid(bbbd8364ada48c74da856602edf98121) Importer(815301076,1909f56bfc062723c751e8b465ee728b)  -> (artifact id: 'abe39cce6ef14e93e358b7589fb6c166') in 0.027112 seconds
Number of updated asset objects reloaded before import = 0
Number of asset objects unloaded after import = 7
========================================================================
Received Import Request.
  Time since last request: 0.000021 seconds.
  path: Assets/Halloween Pack-Cemetery Snap/FBX/skeleton_left_leg_B.fbx
  artifactKey: Guid(fda2b15b2cb217749a86dcdccb5f101a) Importer(815301076,1909f56bfc062723c751e8b465ee728b)
Start importing Assets/Halloween Pack-Cemetery Snap/FBX/skeleton_left_leg_B.fbx using Guid(fda2b15b2cb217749a86dcdccb5f101a) Importer(815301076,1909f56bfc062723c751e8b465ee728b)  -> (artifact id: '48c268b6c4141adfc2017edc03832a22') in 0.030976 seconds
Number of updated asset objects reloaded before import = 0
Number of asset objects unloaded after import = 7
========================================================================
Received Import Request.
  Time since last request: 0.000046 seconds.
  path: Assets/Halloween Pack-Cemetery Snap/FBX/Skeleton_right_leg_A.fbx
  artifactKey: Guid(86dadad65acd99c44b60f3e928492498) Importer(815301076,1909f56bfc062723c751e8b465ee728b)
Start importing Assets/Halloween Pack-Cemetery Snap/FBX/Skeleton_right_leg_A.fbx using Guid(86dadad65acd99c44b60f3e928492498) Importer(815301076,1909f56bfc062723c751e8b465ee728b)  -> (artifact id: '35ab4daa0098ef8928a5a34522f69a83') in 0.027889 seconds
Number of updated asset objects reloaded before import = 0
Number of asset objects unloaded after import = 7
========================================================================
Received Import Request.
  Time since last request: 0.000030 seconds.
  path: Assets/Halloween Pack-Cemetery Snap/FBX/Spooky Tree_ F.fbx
  artifactKey: Guid(de44bb8e97534ec4495d2dd6a923da77) Importer(815301076,1909f56bfc062723c751e8b465ee728b)
Start importing Assets/Halloween Pack-Cemetery Snap/FBX/Spooky Tree_ F.fbx using Guid(de44bb8e97534ec4495d2dd6a923da77) Importer(815301076,1909f56bfc062723c751e8b465ee728b)  -> (artifact id: 'bf4562f21552729cb34d1080d61e8334') in 0.026524 seconds
Number of updated asset objects reloaded before import = 0
Number of asset objects unloaded after import = 7
========================================================================
Received Import Request.
  Time since last request: 0.000031 seconds.
  path: Assets/Halloween Pack-Cemetery Snap/FBX/Spooky Tree_ C.fbx
  artifactKey: Guid(4d279d0439965db4fad9340a542e8e43) Importer(815301076,1909f56bfc062723c751e8b465ee728b)
Start importing Assets/Halloween Pack-Cemetery Snap/FBX/Spooky Tree_ C.fbx using Guid(4d279d0439965db4fad9340a542e8e43) Importer(815301076,1909f56bfc062723c751e8b465ee728b)  -> (artifact id: '75a16894e93c31a50614b59c0b1d1e5d') in 0.027402 seconds
Number of updated asset objects reloaded before import = 0
Number of asset objects unloaded after import = 7
========================================================================
Received Import Request.
  Time since last request: 0.000021 seconds.
  path: Assets/Halloween Pack-Cemetery Snap/FBX/Skeleton_right_arm_A.fbx
  artifactKey: Guid(4bb585b8e6af35242b8a5ce51b8bd49e) Importer(815301076,1909f56bfc062723c751e8b465ee728b)
Start importing Assets/Halloween Pack-Cemetery Snap/FBX/Skeleton_right_arm_A.fbx using Guid(4bb585b8e6af35242b8a5ce51b8bd49e) Importer(815301076,1909f56bfc062723c751e8b465ee728b)  -> (artifact id: '1e6d9d79be83031f942401aabc11f44e') in 0.029851 seconds
Number of updated asset objects reloaded before import = 0
Number of asset objects unloaded after import = 7
========================================================================
Received Import Request.
  Time since last request: 0.000389 seconds.
  path: Assets/Halloween Pack-Cemetery Snap/FBX/Witch Hat.fbx
  artifactKey: Guid(3ee6d50ac4803ba4e9588946707a0c71) Importer(815301076,1909f56bfc062723c751e8b465ee728b)
Start importing Assets/Halloween Pack-Cemetery Snap/FBX/Witch Hat.fbx using Guid(3ee6d50ac4803ba4e9588946707a0c71) Importer(815301076,1909f56bfc062723c751e8b465ee728b)  -> (artifact id: '500f1d373e3cc1d6dbb596dce25bfd25') in 0.031468 seconds
Number of updated asset objects reloaded before import = 0
Number of asset objects unloaded after import = 7
========================================================================
Received Import Request.
  Time since last request: 0.000052 seconds.
  path: Assets/Halloween Pack-Cemetery Snap/FBX/Spooky_Mushroom_B.fbx
  artifactKey: Guid(af11329adb2ae0f49a5dd38431f18511) Importer(815301076,1909f56bfc062723c751e8b465ee728b)
Start importing Assets/Halloween Pack-Cemetery Snap/FBX/Spooky_Mushroom_B.fbx using Guid(af11329adb2ae0f49a5dd38431f18511) Importer(815301076,1909f56bfc062723c751e8b465ee728b)  -> (artifact id: '9e1c0a251cc6c2c66a0b1ad9bdc75265') in 0.030653 seconds
Number of updated asset objects reloaded before import = 0
Number of asset objects unloaded after import = 7
========================================================================
Received Import Request.
  Time since last request: 0.000037 seconds.
  path: Assets/Halloween Pack-Cemetery Snap/FBX/Street lamp_C.fbx
  artifactKey: Guid(8751889f5f9b2c54597f06db8fa3e5b4) Importer(815301076,1909f56bfc062723c751e8b465ee728b)
Start importing Assets/Halloween Pack-Cemetery Snap/FBX/Street lamp_C.fbx using Guid(8751889f5f9b2c54597f06db8fa3e5b4) Importer(815301076,1909f56bfc062723c751e8b465ee728b)  -> (artifact id: '562aa4eb8c133f5f36c59801e2f8baf4') in 0.037324 seconds
Number of updated asset objects reloaded before import = 0
Number of asset objects unloaded after import = 7
========================================================================
Received Import Request.
  Time since last request: 0.000039 seconds.
  path: Assets/Halloween Pack-Cemetery Snap/FBX/Rock_C.fbx
  artifactKey: Guid(9dc8d2e9a68a8c5428391bbb41276651) Importer(815301076,1909f56bfc062723c751e8b465ee728b)
Start importing Assets/Halloween Pack-Cemetery Snap/FBX/Rock_C.fbx using Guid(9dc8d2e9a68a8c5428391bbb41276651) Importer(815301076,1909f56bfc062723c751e8b465ee728b)  -> (artifact id: 'a88dd836b710562933068ae9e4c79ac7') in 0.030825 seconds
Number of updated asset objects reloaded before import = 0
Number of asset objects unloaded after import = 7
========================================================================
Received Import Request.
  Time since last request: 0.000054 seconds.
  path: Assets/Halloween Pack-Cemetery Snap/FBX/skeleton_left_leg_A.fbx
  artifactKey: Guid(0f737b3a6c565094581e4caf7387a43b) Importer(815301076,1909f56bfc062723c751e8b465ee728b)
Start importing Assets/Halloween Pack-Cemetery Snap/FBX/skeleton_left_leg_A.fbx using Guid(0f737b3a6c565094581e4caf7387a43b) Importer(815301076,1909f56bfc062723c751e8b465ee728b)  -> (artifact id: '90677d664f756be9e3d187fdcb4a5711') in 0.027915 seconds
Number of updated asset objects reloaded before import = 0
Number of asset objects unloaded after import = 7
========================================================================
Received Import Request.
  Time since last request: 0.000066 seconds.
  path: Assets/Halloween Pack-Cemetery Snap/FBX/Shovel.fbx
  artifactKey: Guid(6c3081e9e7953064f9947c93c8cb3428) Importer(815301076,1909f56bfc062723c751e8b465ee728b)
Start importing Assets/Halloween Pack-Cemetery Snap/FBX/Shovel.fbx using Guid(6c3081e9e7953064f9947c93c8cb3428) Importer(815301076,1909f56bfc062723c751e8b465ee728b)  -> (artifact id: '0afac2533a97c879c9cb9219e05d9c28') in 0.023474 seconds
Number of updated asset objects reloaded before import = 0
Number of asset objects unloaded after import = 7
Editor requested this worker to shutdown with reason: Scaling down because of idle timeout
TcpMessagingSession - receive error: operation aborted. errorcode: 995, details: A operação de E/S foi cancelada devido a uma saída do módulo ou a um pedido da aplicação.
AssetImportWorker is now disconnected from the server
Process exiting
Exiting without the bug reporter. Application will terminate with return code 0