Using pre-set license
Built from '2022.3/release' branch; Version is '2022.3.20f1 (61c2feb0970d) revision 6406910'; Using compiler version '192829333'; Build Type 'Release'
OS: 'Windows 11  (10.0.22631) 64bit Core' Language: 'pt' Physical Memory: 15731 MB
BatchMode: 1, IsHumanControllingUs: 0, StartBugReporterOnCrash: 0, Is64bit: 1, IsPro: 1

COMMAND LINE ARGUMENTS:
C:\Program Files\Unity\Hub\Editor\2022.3.20f1\Editor\Unity.exe
-adb2
-batchMode
-noUpm
-name
AssetImportWorker4
-projectPath
C:/Users/digas/Desktop/Uni/2ยบ Ano/S2/TM/TP1-29950-29216-master
-logFile
Logs/AssetImportWorker4.log
-srvPort
50298
Successfully changed project path to: C:/Users/digas/Desktop/Uni/2ยบ Ano/S2/TM/TP1-29950-29216-master
C:/Users/digas/Desktop/Uni/2ยบ Ano/S2/TM/TP1-29950-29216-master
[UnityMemory] Configuration Parameters - Can be set up in boot.config
    "memorysetup-bucket-allocator-granularity=16"
    "memorysetup-bucket-allocator-bucket-count=8"
    "memorysetup-bucket-allocator-block-size=33554432"
    "memorysetup-bucket-allocator-block-count=8"
    "memorysetup-main-allocator-block-size=16777216"
    "memorysetup-thread-allocator-block-size=16777216"
    "memorysetup-gfx-main-allocator-block-size=16777216"
    "memorysetup-gfx-thread-allocator-block-size=16777216"
    "memorysetup-cache-allocator-block-size=4194304"
    "memorysetup-typetree-allocator-block-size=2097152"
    "memorysetup-profiler-bucket-allocator-granularity=16"
    "memorysetup-profiler-bucket-allocator-bucket-count=8"
    "memorysetup-profiler-bucket-allocator-block-size=33554432"
    "memorysetup-profiler-bucket-allocator-block-count=8"
    "memorysetup-profiler-allocator-block-size=16777216"
    "memorysetup-profiler-editor-allocator-block-size=1048576"
    "memorysetup-temp-allocator-size-main=16777216"
    "memorysetup-job-temp-allocator-block-size=2097152"
    "memorysetup-job-temp-allocator-block-size-background=1048576"
    "memorysetup-job-temp-allocator-reduction-small-platforms=262144"
    "memorysetup-allocator-temp-initial-block-size-main=262144"
    "memorysetup-allocator-temp-initial-block-size-worker=262144"
    "memorysetup-temp-allocator-size-background-worker=32768"
    "memorysetup-temp-allocator-size-job-worker=262144"
    "memorysetup-temp-allocator-size-preload-manager=33554432"
    "memorysetup-temp-allocator-size-nav-mesh-worker=65536"
    "memorysetup-temp-allocator-size-audio-worker=65536"
    "memorysetup-temp-allocator-size-cloud-worker=32768"
    "memorysetup-temp-allocator-size-gi-baking-worker=262144"
    "memorysetup-temp-allocator-size-gfx=262144"
Player connection [20988] Host "[IP] 192.168.56.1 [Port] 0 [Flags] 2 [Guid] 197802425 [EditorId] 197802425 [Version] 1048832 [Id] WindowsEditor(7,PC_DIOGO) [Debug] 1 [PackageName] WindowsEditor [ProjectName] Editor" joined multi-casting on [225.0.0.222:54997]...

Player connection [20988] Host "[IP] 192.168.56.1 [Port] 0 [Flags] 2 [Guid] 197802425 [EditorId] 197802425 [Version] 1048832 [Id] WindowsEditor(7,PC_DIOGO) [Debug] 1 [PackageName] WindowsEditor [ProjectName] Editor" joined alternative multi-casting on [225.0.0.222:34997]...

[Physics::Module] Initialized MultithreadedJobDispatcher with 15 workers.
Refreshing native plugins compatible for Editor in 12.70 ms, found 3 plugins.
Preloading 0 native plugins for Editor in 0.00 ms.
Initialize engine version: 2022.3.20f1 (61c2feb0970d)
[Subsystems] Discovering subsystems at path C:/Program Files/Unity/Hub/Editor/2022.3.20f1/Editor/Data/Resources/UnitySubsystems
[Subsystems] Discovering subsystems at path C:/Users/digas/Desktop/Uni/2ยบ Ano/S2/TM/TP1-29950-29216-master/Assets
GfxDevice: creating device client; threaded=0; jobified=0
Direct3D:
    Version:  Direct3D 11.0 [level 11.1]
    Renderer: NVIDIA GeForce RTX 2060 (ID=0x1f15)
    Vendor:   NVIDIA
    VRAM:     5955 MB
    Driver:   31.0.15.5212
Initialize mono
Mono path[0] = 'C:/Program Files/Unity/Hub/Editor/2022.3.20f1/Editor/Data/Managed'
Mono path[1] = 'C:/Program Files/Unity/Hub/Editor/2022.3.20f1/Editor/Data/MonoBleedingEdge/lib/mono/unityjit-win32'
Mono config path = 'C:/Program Files/Unity/Hub/Editor/2022.3.20f1/Editor/Data/MonoBleedingEdge/etc'
Using monoOptions --debugger-agent=transport=dt_socket,embedding=1,server=y,suspend=n,address=127.0.0.1:56100
Begin MonoManager ReloadAssembly
Registering precompiled unity dll's ...
Register platform support module: C:/Program Files/Unity/Hub/Editor/2022.3.20f1/Editor/Data/PlaybackEngines/WebGLSupport/UnityEditor.WebGL.Extensions.dll
Register platform support module: C:/Program Files/Unity/Hub/Editor/2022.3.20f1/Editor/Data/PlaybackEngines/WindowsStandaloneSupport/UnityEditor.WindowsStandalone.Extensions.dll
Registered in 0.015742 seconds.
- Loaded All Assemblies, in  0.481 seconds
Native extension for WindowsStandalone target not found
Native extension for WebGL target not found
Mono: successfully reloaded assembly
- Finished resetting the current domain, in  0.398 seconds
Domain Reload Profiling: 876ms
	BeginReloadAssembly (152ms)
		ExecutionOrderSort (0ms)
		DisableScriptedObjects (0ms)
		BackupInstance (0ms)
		ReleaseScriptingObjects (0ms)
		CreateAndSetChildDomain (1ms)
	RebuildCommonClasses (46ms)
	RebuildNativeTypeToScriptingClass (11ms)
	initialDomainReloadingComplete (78ms)
	LoadAllAssembliesAndSetupDomain (190ms)
		LoadAssemblies (148ms)
		RebuildTransferFunctionScriptingTraits (0ms)
		AnalyzeDomain (186ms)
			TypeCache.Refresh (184ms)
				TypeCache.ScanAssembly (169ms)
			ScanForSourceGeneratedMonoScriptInfo (0ms)
			ResolveRequiredComponents (0ms)
	FinalizeReload (398ms)
		ReleaseScriptCaches (0ms)
		RebuildScriptCaches (0ms)
		SetupLoadedEditorAssemblies (317ms)
			LogAssemblyErrors (0ms)
			InitializePlatformSupportModulesInManaged (19ms)
			SetLoadedEditorAssemblies (8ms)
			RefreshPlugins (0ms)
			BeforeProcessingInitializeOnLoad (3ms)
			ProcessInitializeOnLoadAttributes (217ms)
			ProcessInitializeOnLoadMethodAttributes (70ms)
			AfterProcessingInitializeOnLoad (0ms)
			EditorAssembliesLoaded (0ms)
		ExecutionOrderSort2 (0ms)
		AwakeInstancesAfterBackupRestoration (0ms)
========================================================================
Worker process is ready to serve import requests
Begin MonoManager ReloadAssembly
- Loaded All Assemblies, in  0.974 seconds
Refreshing native plugins compatible for Editor in 6.20 ms, found 3 plugins.
Native extension for WindowsStandalone target not found
Native extension for WebGL target not found
Package Manager log level set to [2]
[Package Manager] Server::EnsureServerProcessIsRunning -- launch failed, reason: Unity was launched with the -noUpm command-line argument
[Package Manager] UpmClient::Send -- Unable to send message (not connected to UPM process).
[Package Manager] Cannot connect to Unity Package Manager local server
Mono: successfully reloaded assembly
- Finished resetting the current domain, in  0.854 seconds
Domain Reload Profiling: 1823ms
	BeginReloadAssembly (215ms)
		ExecutionOrderSort (0ms)
		DisableScriptedObjects (10ms)
		BackupInstance (0ms)
		ReleaseScriptingObjects (0ms)
		CreateAndSetChildDomain (27ms)
	RebuildCommonClasses (49ms)
	RebuildNativeTypeToScriptingClass (15ms)
	initialDomainReloadingComplete (67ms)
	LoadAllAssembliesAndSetupDomain (622ms)
		LoadAssemblies (506ms)
		RebuildTransferFunctionScriptingTraits (0ms)
		AnalyzeDomain (242ms)
			TypeCache.Refresh (210ms)
				TypeCache.ScanAssembly (191ms)
			ScanForSourceGeneratedMonoScriptInfo (24ms)
			ResolveRequiredComponents (6ms)
	FinalizeReload (855ms)
		ReleaseScriptCaches (0ms)
		RebuildScriptCaches (0ms)
		SetupLoadedEditorAssemblies (620ms)
			LogAssemblyErrors (0ms)
			InitializePlatformSupportModulesInManaged (13ms)
			SetLoadedEditorAssemblies (7ms)
			RefreshPlugins (0ms)
			BeforeProcessingInitializeOnLoad (94ms)
			ProcessInitializeOnLoadAttributes (468ms)
			ProcessInitializeOnLoadMethodAttributes (22ms)
			AfterProcessingInitializeOnLoad (15ms)
			EditorAssembliesLoaded (0ms)
		ExecutionOrderSort2 (0ms)
		AwakeInstancesAfterBackupRestoration (17ms)
Launched and connected shader compiler UnityShaderCompiler.exe after 0.07 seconds
Refreshing native plugins compatible for Editor in 5.61 ms, found 3 plugins.
Preloading 0 native plugins for Editor in 0.00 ms.
Unloading 3716 Unused Serialized files (Serialized files now loaded: 0)
Unloading 107 unused Assets / (5.9 MB). Loaded Objects now: 4110.
Memory consumption went from 159.3 MB to 153.4 MB.
Total: 7.552600 ms (FindLiveObjects: 0.362700 ms CreateObjectMapping: 0.135500 ms MarkObjects: 3.402900 ms  DeleteObjects: 3.648300 ms)

AssetImportParameters requested are different than current active one (requested -> active):
  custom:container-demuxer-ogg: 62fdf1f143b41e24485cea50d1cbac27 -> 
  custom:video-codec-MediaFoundation-h265: 746d11721c4dcdbdad8f713fa42b33f4 -> 
  custom:video-decoder-ogg-theora: a1e56fd34408186e4bbccfd4996cb3dc -> 
  custom:framework-win-MediaFoundation: 216162199b28c13a410421893ffa2e32 -> 
  custom:CustomObjectIndexerAttribute: 6d391050e5a25f67b0a2c618074f2cd9 -> 
  custom:container-demuxer-webm: 4f35f7cbe854078d1ac9338744f61a02 -> 
  custom:container-muxer-webm: aa71ff27fc2769a1b78a27578f13a17b -> 
  custom:video-decoder-webm-vp8: 9c59270c3fd7afecdb556c50c9e8de78 -> 
  custom:SearchIndexIgnoredProperties: e643bd26f0fe6173181afceb89e7c659 -> 
  custom:AudioImporter_EditorPlatform: d09bf68614088b80899f8185d706f6e7 -> 
  custom:video-encoder-webm-vp8: eb34c28f22e8b96e1ab97ce403110664 -> 
  custom:audio-decoder-ogg-vorbis: bf7c407c2cedff20999df2af8eb42d56 -> 
  custom:audio-encoder-webm-vorbis: bf7c407c2cedff20999df2af8eb42d56 -> 
========================================================================
Received Import Request.
  Time since last request: 1613.696671 seconds.
  path: Assets/Maps/DOOM - E1M2 Nuclear Plant/Materials/BIGDOOR2.mat
  artifactKey: Guid(11b0ce539aad9f244a4885076d3249ca) Importer(815301076,1909f56bfc062723c751e8b465ee728b)
Start importing Assets/Maps/DOOM - E1M2 Nuclear Plant/Materials/BIGDOOR2.mat using Guid(11b0ce539aad9f244a4885076d3249ca) Importer(815301076,1909f56bfc062723c751e8b465ee728b)  -> (artifact id: '2389a529a79589ffe4aa53842953bcd4') in 0.144821 seconds
Number of updated asset objects reloaded before import = 0
Number of asset objects unloaded after import = 2
========================================================================
Received Import Request.
  Time since last request: 1.243489 seconds.
  path: Assets/Maps/DOOM - E1M2 Nuclear Plant/Materials/DOOR1.mat
  artifactKey: Guid(b8a6b370ee5508341ae4a05527c24c5d) Importer(815301076,1909f56bfc062723c751e8b465ee728b)
Start importing Assets/Maps/DOOM - E1M2 Nuclear Plant/Materials/DOOR1.mat using Guid(b8a6b370ee5508341ae4a05527c24c5d) Importer(815301076,1909f56bfc062723c751e8b465ee728b)  -> (artifact id: '5d01a205a843e7dd3e3189d6d8761867') in 0.021897 seconds
Number of updated asset objects reloaded before import = 0
Number of asset objects unloaded after import = 2
========================================================================
Received Import Request.
  Time since last request: 0.544063 seconds.
  path: Assets/Maps/DOOM - E1M2 Nuclear Plant/Materials/EXITDOOR.mat
  artifactKey: Guid(2963fb01dab3cd24da9ac647c8ea4fb2) Importer(815301076,1909f56bfc062723c751e8b465ee728b)
Start importing Assets/Maps/DOOM - E1M2 Nuclear Plant/Materials/EXITDOOR.mat using Guid(2963fb01dab3cd24da9ac647c8ea4fb2) Importer(815301076,1909f56bfc062723c751e8b465ee728b)  -> (artifact id: '5957d95b62e72a765ed058ea3b1f8cc8') in 0.017354 seconds
Number of updated asset objects reloaded before import = 0
Number of asset objects unloaded after import = 2
========================================================================
Received Import Request.
  Time since last request: 6.667935 seconds.
  path: Assets/Maps/DOOM II - MAP11 Circle of Death/doom2_MAP11.mtl
  artifactKey: Guid(248e7665960ee0a4da040f9be270c175) Importer(815301076,1909f56bfc062723c751e8b465ee728b)
Start importing Assets/Maps/DOOM II - MAP11 Circle of Death/doom2_MAP11.mtl using Guid(248e7665960ee0a4da040f9be270c175) Importer(815301076,1909f56bfc062723c751e8b465ee728b)  -> (artifact id: 'c9d208954062faa89d8829b67022536e') in 0.001331 seconds
Number of updated asset objects reloaded before import = 0
Number of asset objects unloaded after import = 1
========================================================================
Received Import Request.
  Time since last request: 14.498768 seconds.
  path: Assets/Maps/DOOM II - MAP11 Circle of Death/doom2_MAP11.obj
  artifactKey: Guid(f250a97af63f9854eb6bf18bcc06e139) Importer(815301076,1909f56bfc062723c751e8b465ee728b)
Start importing Assets/Maps/DOOM II - MAP11 Circle of Death/doom2_MAP11.obj using Guid(f250a97af63f9854eb6bf18bcc06e139) Importer(815301076,1909f56bfc062723c751e8b465ee728b)  -> (artifact id: '2c7dbb83ee29e9540cc2d5d476c5e692') in 0.072540 seconds
Number of updated asset objects reloaded before import = 0
Number of asset objects unloaded after import = 10
========================================================================
Received Import Request.
  Time since last request: 47.077542 seconds.
  path: Assets/Maps/DOOM - E1M2 Nuclear Plant/Materials/FLOOR4_8.mat
  artifactKey: Guid(8287f4990cb7ebe49a607d352df3afaf) Importer(815301076,1909f56bfc062723c751e8b465ee728b)
Start importing Assets/Maps/DOOM - E1M2 Nuclear Plant/Materials/FLOOR4_8.mat using Guid(8287f4990cb7ebe49a607d352df3afaf) Importer(815301076,1909f56bfc062723c751e8b465ee728b)  -> (artifact id: '45b2c2d4a1f41b30a000773e89514a95') in 0.019145 seconds
Number of updated asset objects reloaded before import = 0
Number of asset objects unloaded after import = 2
========================================================================
Received Import Request.
  Time since last request: 27.104066 seconds.
  path: Assets/Maps/DOOM II - MAP11 Circle of Death/doom2_MAP11.obj
  artifactKey: Guid(f250a97af63f9854eb6bf18bcc06e139) Importer(815301076,1909f56bfc062723c751e8b465ee728b)
Start importing Assets/Maps/DOOM II - MAP11 Circle of Death/doom2_MAP11.obj using Guid(f250a97af63f9854eb6bf18bcc06e139) Importer(815301076,1909f56bfc062723c751e8b465ee728b)  -> (artifact id: '82b61246645a50bd60a378b782a44b8a') in 0.021372 seconds
Number of updated asset objects reloaded before import = 0
Number of asset objects unloaded after import = 10
========================================================================
Received Import Request.
  Time since last request: 8.549267 seconds.
  path: Assets/Maps/DOOM II - MAP11 Circle of Death/doom2_MAP11.obj
  artifactKey: Guid(f250a97af63f9854eb6bf18bcc06e139) Importer(815301076,1909f56bfc062723c751e8b465ee728b)
Start importing Assets/Maps/DOOM II - MAP11 Circle of Death/doom2_MAP11.obj using Guid(f250a97af63f9854eb6bf18bcc06e139) Importer(815301076,1909f56bfc062723c751e8b465ee728b)  -> (artifact id: 'b7ea533f8b7bfa8d1858d18fe1aa1abc') in 0.018028 seconds
Number of updated asset objects reloaded before import = 0
Number of asset objects unloaded after import = 10
========================================================================
Received Import Request.
  Time since last request: 8.107689 seconds.
  path: Assets/Maps/DOOM II - MAP11 Circle of Death/doom2_MAP11.obj
  artifactKey: Guid(f250a97af63f9854eb6bf18bcc06e139) Importer(815301076,1909f56bfc062723c751e8b465ee728b)
Start importing Assets/Maps/DOOM II - MAP11 Circle of Death/doom2_MAP11.obj using Guid(f250a97af63f9854eb6bf18bcc06e139) Importer(815301076,1909f56bfc062723c751e8b465ee728b)  -> (artifact id: '0706841333d98576c3c873a2214d7ff8') in 0.017139 seconds
Number of updated asset objects reloaded before import = 0
Number of asset objects unloaded after import = 10
========================================================================
Received Import Request.
  Time since last request: 2.211632 seconds.
  path: Assets/Maps/DOOM II - MAP11 Circle of Death/doom2_MAP11.obj
  artifactKey: Guid(f250a97af63f9854eb6bf18bcc06e139) Importer(815301076,1909f56bfc062723c751e8b465ee728b)
Start importing Assets/Maps/DOOM II - MAP11 Circle of Death/doom2_MAP11.obj using Guid(f250a97af63f9854eb6bf18bcc06e139) Importer(815301076,1909f56bfc062723c751e8b465ee728b)  -> (artifact id: '17250e814a91ab224b2111fadca3e13e') in 0.016479 seconds
Number of updated asset objects reloaded before import = 0
Number of asset objects unloaded after import = 10
========================================================================
Received Import Request.
  Time since last request: 4.614412 seconds.
  path: Assets/Maps/DOOM II - MAP11 Circle of Death/doom2_MAP11.obj
  artifactKey: Guid(f250a97af63f9854eb6bf18bcc06e139) Importer(815301076,1909f56bfc062723c751e8b465ee728b)
Start importing Assets/Maps/DOOM II - MAP11 Circle of Death/doom2_MAP11.obj using Guid(f250a97af63f9854eb6bf18bcc06e139) Importer(815301076,1909f56bfc062723c751e8b465ee728b)  -> (artifact id: 'a31109490679687eb11747a4de150324') in 0.018345 seconds
Number of updated asset objects reloaded before import = 0
Number of asset objects unloaded after import = 10
========================================================================
Received Import Request.
  Time since last request: 20.423357 seconds.
  path: Assets/Maps/DOOM II - MAP11 Circle of Death/doom2_MAP11.obj
  artifactKey: Guid(f250a97af63f9854eb6bf18bcc06e139) Importer(815301076,1909f56bfc062723c751e8b465ee728b)
Start importing Assets/Maps/DOOM II - MAP11 Circle of Death/doom2_MAP11.obj using Guid(f250a97af63f9854eb6bf18bcc06e139) Importer(815301076,1909f56bfc062723c751e8b465ee728b)  -> (artifact id: 'a85f21d93d6df41380459c3964bac6d6') in 0.021397 seconds
Number of updated asset objects reloaded before import = 0
Number of asset objects unloaded after import = 10
========================================================================
Received Import Request.
  Time since last request: 110.536418 seconds.
  path: Assets/Maps/DOOM II - MAP11 Circle of Death/NUKAGE3.PNG
  artifactKey: Guid(de38dffa740b4f5478aa12f3ead525d9) Importer(815301076,1909f56bfc062723c751e8b465ee728b)
Start importing Assets/Maps/DOOM II - MAP11 Circle of Death/NUKAGE3.PNG using Guid(de38dffa740b4f5478aa12f3ead525d9) Importer(815301076,1909f56bfc062723c751e8b465ee728b)  -> (artifact id: 'e291b8c4202bb8b7fd0c390fec879f1d') in 0.044001 seconds
Number of updated asset objects reloaded before import = 0
Number of asset objects unloaded after import = 3
========================================================================
Received Import Request.
  Time since last request: 400.738739 seconds.
  path: Assets/Maps/Quake - E1M1 The Slipgate Complex
  artifactKey: Guid(f9973050cbf213c46aa62c431074076a) Importer(815301076,1909f56bfc062723c751e8b465ee728b)
Start importing Assets/Maps/Quake - E1M1 The Slipgate Complex using Guid(f9973050cbf213c46aa62c431074076a) Importer(815301076,1909f56bfc062723c751e8b465ee728b)  -> (artifact id: '8e39ba18750a667cd69a973c91a16233') in 0.000925 seconds
Number of updated asset objects reloaded before import = 0
Number of asset objects unloaded after import = 0
========================================================================
Received Import Request.
  Time since last request: 0.072170 seconds.
  path: Assets/Maps/Quake - E1M1 The Slipgate Complex/+0basebtn.png
  artifactKey: Guid(429406878cf478041ab684d3fb39257a) Importer(815301076,1909f56bfc062723c751e8b465ee728b)
Start importing Assets/Maps/Quake - E1M1 The Slipgate Complex/+0basebtn.png using Guid(429406878cf478041ab684d3fb39257a) Importer(815301076,1909f56bfc062723c751e8b465ee728b)  -> (artifact id: '2223cb1875097d0b2f7a9d5c40df2ec0') in 0.035619 seconds
Number of updated asset objects reloaded before import = 0
Number of asset objects unloaded after import = 2
========================================================================
Received Import Request.
  Time since last request: 0.000531 seconds.
  path: Assets/Maps/Quake - E1M1 The Slipgate Complex/+0sliptop.png
  artifactKey: Guid(0165692fe22365d47822f3b5de6058cc) Importer(815301076,1909f56bfc062723c751e8b465ee728b)
Start importing Assets/Maps/Quake - E1M1 The Slipgate Complex/+0sliptop.png using Guid(0165692fe22365d47822f3b5de6058cc) Importer(815301076,1909f56bfc062723c751e8b465ee728b)  -> (artifact id: 'bf1a7e68971b46a3178a08b4fa2a526b') in 0.039883 seconds
Number of updated asset objects reloaded before import = 0
Number of asset objects unloaded after import = 2
========================================================================
Received Import Request.
  Time since last request: 0.000038 seconds.
  path: Assets/Maps/Quake - E1M1 The Slipgate Complex/clip.png
  artifactKey: Guid(e5f23dab5d8d99844aad866976d2b251) Importer(815301076,1909f56bfc062723c751e8b465ee728b)
Start importing Assets/Maps/Quake - E1M1 The Slipgate Complex/clip.png using Guid(e5f23dab5d8d99844aad866976d2b251) Importer(815301076,1909f56bfc062723c751e8b465ee728b)  -> (artifact id: '43a23bb7d6661dd1e9a7476c0fb9d97b') in 0.040177 seconds
Number of updated asset objects reloaded before import = 0
Number of asset objects unloaded after import = 2
========================================================================
Received Import Request.
  Time since last request: 0.000039 seconds.
  path: Assets/Maps/Quake - E1M1 The Slipgate Complex/ecop1_4.png
  artifactKey: Guid(ad3c6ffb8aac31e4b8daa9542cc7ad39) Importer(815301076,1909f56bfc062723c751e8b465ee728b)
Start importing Assets/Maps/Quake - E1M1 The Slipgate Complex/ecop1_4.png using Guid(ad3c6ffb8aac31e4b8daa9542cc7ad39) Importer(815301076,1909f56bfc062723c751e8b465ee728b)  -> (artifact id: '9bd14e786b7f7c21fb80e2a50cce4828') in 0.033595 seconds
Number of updated asset objects reloaded before import = 0
Number of asset objects unloaded after import = 2
========================================================================
Received Import Request.
  Time since last request: 0.000041 seconds.
  path: Assets/Maps/Quake - E1M1 The Slipgate Complex/+0slip.png
  artifactKey: Guid(c145566d856d3694bbad434e45fa7768) Importer(815301076,1909f56bfc062723c751e8b465ee728b)
Start importing Assets/Maps/Quake - E1M1 The Slipgate Complex/+0slip.png using Guid(c145566d856d3694bbad434e45fa7768) Importer(815301076,1909f56bfc062723c751e8b465ee728b)  -> (artifact id: 'a1e96e195d837425925931149c692cc1') in 0.027525 seconds
Number of updated asset objects reloaded before import = 0
Number of asset objects unloaded after import = 2
========================================================================
Received Import Request.
  Time since last request: 0.000031 seconds.
  path: Assets/Maps/Quake - E1M1 The Slipgate Complex/_water0.png
  artifactKey: Guid(d7c51656344af044b9cde90587bde6d0) Importer(815301076,1909f56bfc062723c751e8b465ee728b)
Start importing Assets/Maps/Quake - E1M1 The Slipgate Complex/_water0.png using Guid(d7c51656344af044b9cde90587bde6d0) Importer(815301076,1909f56bfc062723c751e8b465ee728b)  -> (artifact id: '916faaf749e897278bcf1bf8773fb0d8') in 0.031122 seconds
Number of updated asset objects reloaded before import = 0
Number of asset objects unloaded after import = 2
========================================================================
Received Import Request.
  Time since last request: 0.000023 seconds.
  path: Assets/Maps/Quake - E1M1 The Slipgate Complex/comp1_6.png
  artifactKey: Guid(c24d1488d32a2244b904bcf8adcd0679) Importer(815301076,1909f56bfc062723c751e8b465ee728b)
Start importing Assets/Maps/Quake - E1M1 The Slipgate Complex/comp1_6.png using Guid(c24d1488d32a2244b904bcf8adcd0679) Importer(815301076,1909f56bfc062723c751e8b465ee728b)  -> (artifact id: 'bf2faa784510c1b4f1fd1bdb1cbb1d5d') in 0.027604 seconds
Number of updated asset objects reloaded before import = 0
Number of asset objects unloaded after import = 2
========================================================================
Received Import Request.
  Time since last request: 0.000028 seconds.
  path: Assets/Maps/Quake - E1M1 The Slipgate Complex/plat_top1.png
  artifactKey: Guid(3f03b01d599612a42b08caefcfccfc20) Importer(815301076,1909f56bfc062723c751e8b465ee728b)
Start importing Assets/Maps/Quake - E1M1 The Slipgate Complex/plat_top1.png using Guid(3f03b01d599612a42b08caefcfccfc20) Importer(815301076,1909f56bfc062723c751e8b465ee728b)  -> (artifact id: '4a8b62de530add73a3e38e39efb8d4a2') in 0.024470 seconds
Number of updated asset objects reloaded before import = 0
Number of asset objects unloaded after import = 2
========================================================================
Received Import Request.
  Time since last request: 0.000037 seconds.
  path: Assets/Maps/Quake - E1M1 The Slipgate Complex/slipbotsd.png
  artifactKey: Guid(a29b6aa343a57304fa50725ee0a1a616) Importer(815301076,1909f56bfc062723c751e8b465ee728b)
Start importing Assets/Maps/Quake - E1M1 The Slipgate Complex/slipbotsd.png using Guid(a29b6aa343a57304fa50725ee0a1a616) Importer(815301076,1909f56bfc062723c751e8b465ee728b)  -> (artifact id: 'b0a6e68e2531da4e506b432a7f77c792') in 0.025601 seconds
Number of updated asset objects reloaded before import = 0
Number of asset objects unloaded after import = 2
========================================================================
Received Import Request.
  Time since last request: 0.000033 seconds.
  path: Assets/Maps/Quake - E1M1 The Slipgate Complex/comp1_6_emission.png
  artifactKey: Guid(4cf292168ed8dea45af85e18279843b0) Importer(815301076,1909f56bfc062723c751e8b465ee728b)
Start importing Assets/Maps/Quake - E1M1 The Slipgate Complex/comp1_6_emission.png using Guid(4cf292168ed8dea45af85e18279843b0) Importer(815301076,1909f56bfc062723c751e8b465ee728b)  -> (artifact id: '0e8565c59c8efba7947b79b64d552ef6') in 0.025927 seconds
Number of updated asset objects reloaded before import = 0
Number of asset objects unloaded after import = 2
========================================================================
Received Import Request.
  Time since last request: 0.000037 seconds.
  path: Assets/Maps/Quake - E1M1 The Slipgate Complex/comp1_5.png
  artifactKey: Guid(3233da4e7b7fdf3449cf28dfaccd28f6) Importer(815301076,1909f56bfc062723c751e8b465ee728b)
Start importing Assets/Maps/Quake - E1M1 The Slipgate Complex/comp1_5.png using Guid(3233da4e7b7fdf3449cf28dfaccd28f6) Importer(815301076,1909f56bfc062723c751e8b465ee728b)  -> (artifact id: '630df1016a4a8a9118c613eba6487b62') in 0.028232 seconds
Number of updated asset objects reloaded before import = 0
Number of asset objects unloaded after import = 2
========================================================================
Received Import Request.
  Time since last request: 0.000019 seconds.
  path: Assets/Maps/Quake - E1M1 The Slipgate Complex/+0slip_emission.png
  artifactKey: Guid(e3209628d6e3591449e8b77de5e8c576) Importer(815301076,1909f56bfc062723c751e8b465ee728b)
Start importing Assets/Maps/Quake - E1M1 The Slipgate Complex/+0slip_emission.png using Guid(e3209628d6e3591449e8b77de5e8c576) Importer(815301076,1909f56bfc062723c751e8b465ee728b)  -> (artifact id: '45a69676e8f06a178662664a26cf31d6') in 0.031586 seconds
Number of updated asset objects reloaded before import = 0
Number of asset objects unloaded after import = 2
========================================================================
Received Import Request.
  Time since last request: 0.000028 seconds.
  path: Assets/Maps/Quake - E1M1 The Slipgate Complex/comp1_4.png
  artifactKey: Guid(795cd50af694d364c9a1e464cb4514f9) Importer(815301076,1909f56bfc062723c751e8b465ee728b)
Start importing Assets/Maps/Quake - E1M1 The Slipgate Complex/comp1_4.png using Guid(795cd50af694d364c9a1e464cb4514f9) Importer(815301076,1909f56bfc062723c751e8b465ee728b)  -> (artifact id: '4575cc4f5e12efdd6847e50a96b8c251') in 0.028925 seconds
Number of updated asset objects reloaded before import = 0
Number of asset objects unloaded after import = 2
========================================================================
Received Import Request.
  Time since last request: 0.000028 seconds.
  path: Assets/Maps/Quake - E1M1 The Slipgate Complex/sliplite.png
  artifactKey: Guid(53808d4dfe3e62145837bbba898b02da) Importer(815301076,1909f56bfc062723c751e8b465ee728b)
Start importing Assets/Maps/Quake - E1M1 The Slipgate Complex/sliplite.png using Guid(53808d4dfe3e62145837bbba898b02da) Importer(815301076,1909f56bfc062723c751e8b465ee728b)  -> (artifact id: '2d01445dde3bc5d58266ba11bd9819f4') in 0.031567 seconds
Number of updated asset objects reloaded before import = 0
Number of asset objects unloaded after import = 2
========================================================================
Received Import Request.
  Time since last request: 0.000022 seconds.
  path: Assets/Maps/Quake - E1M1 The Slipgate Complex/slipside.png
  artifactKey: Guid(a3a755fd390f2c6498a201a14317cd5c) Importer(815301076,1909f56bfc062723c751e8b465ee728b)
Start importing Assets/Maps/Quake - E1M1 The Slipgate Complex/slipside.png using Guid(a3a755fd390f2c6498a201a14317cd5c) Importer(815301076,1909f56bfc062723c751e8b465ee728b)  -> (artifact id: 'ab85a40c57804c30c418124a59388aee') in 0.026523 seconds
Number of updated asset objects reloaded before import = 0
Number of asset objects unloaded after import = 2
========================================================================
Received Import Request.
  Time since last request: 0.000024 seconds.
  path: Assets/Maps/Quake - E1M1 The Slipgate Complex/slip1.png
  artifactKey: Guid(1f35c8b022da1c64e868799f0c0a3db4) Importer(815301076,1909f56bfc062723c751e8b465ee728b)
Start importing Assets/Maps/Quake - E1M1 The Slipgate Complex/slip1.png using Guid(1f35c8b022da1c64e868799f0c0a3db4) Importer(815301076,1909f56bfc062723c751e8b465ee728b)  -> (artifact id: '45a409c072910f81d890e1091d10bacb') in 0.028841 seconds
Number of updated asset objects reloaded before import = 0
Number of asset objects unloaded after import = 2
========================================================================
Received Import Request.
  Time since last request: 0.000027 seconds.
  path: Assets/Maps/Quake - E1M1 The Slipgate Complex/key01_3.png
  artifactKey: Guid(4c56b574e5ceefa4e9da7248f950afe1) Importer(815301076,1909f56bfc062723c751e8b465ee728b)
Start importing Assets/Maps/Quake - E1M1 The Slipgate Complex/key01_3.png using Guid(4c56b574e5ceefa4e9da7248f950afe1) Importer(815301076,1909f56bfc062723c751e8b465ee728b)  -> (artifact id: '3ab60e8d1c6859a7fb5f6f5784a5dea4') in 0.026697 seconds
Number of updated asset objects reloaded before import = 0
Number of asset objects unloaded after import = 2
========================================================================
Received Import Request.
  Time since last request: 0.000115 seconds.
  path: Assets/Maps/Quake - E1M1 The Slipgate Complex/plat_stem.png
  artifactKey: Guid(5b4eef65bf9865f4fabc8ee6ae2b4cb6) Importer(815301076,1909f56bfc062723c751e8b465ee728b)
Start importing Assets/Maps/Quake - E1M1 The Slipgate Complex/plat_stem.png using Guid(5b4eef65bf9865f4fabc8ee6ae2b4cb6) Importer(815301076,1909f56bfc062723c751e8b465ee728b)  -> (artifact id: 'f18130f0df5d60e7bbc2d7b94bf4d44e') in 0.027473 seconds
Number of updated asset objects reloaded before import = 0
Number of asset objects unloaded after import = 2
========================================================================
Received Import Request.
  Time since last request: 0.000017 seconds.
  path: Assets/Maps/Quake - E1M1 The Slipgate Complex/sky4.png
  artifactKey: Guid(8765b10c2dc17224c9c37fd823739bd9) Importer(815301076,1909f56bfc062723c751e8b465ee728b)
Start importing Assets/Maps/Quake - E1M1 The Slipgate Complex/sky4.png using Guid(8765b10c2dc17224c9c37fd823739bd9) Importer(815301076,1909f56bfc062723c751e8b465ee728b)  -> (artifact id: '8b8c4f34b89da0eaa9df90e9cced3da9') in 0.029000 seconds
Number of updated asset objects reloaded before import = 0
Number of asset objects unloaded after import = 2
========================================================================
Received Import Request.
  Time since last request: 0.000027 seconds.
  path: Assets/Maps/Quake - E1M1 The Slipgate Complex/+3slip.png
  artifactKey: Guid(b212977f093233e44afabdcbc1216f59) Importer(815301076,1909f56bfc062723c751e8b465ee728b)
Start importing Assets/Maps/Quake - E1M1 The Slipgate Complex/+3slip.png using Guid(b212977f093233e44afabdcbc1216f59) Importer(815301076,1909f56bfc062723c751e8b465ee728b)  -> (artifact id: '027ef472ed5e1fc85135c4b457e13a3c') in 0.029116 seconds
Number of updated asset objects reloaded before import = 0
Number of asset objects unloaded after import = 2
========================================================================
Received Import Request.
  Time since last request: 0.000034 seconds.
  path: Assets/Maps/Quake - E1M1 The Slipgate Complex/+4slip.png
  artifactKey: Guid(0c9457bd702cd17448e4bbb18a16b84e) Importer(815301076,1909f56bfc062723c751e8b465ee728b)
Start importing Assets/Maps/Quake - E1M1 The Slipgate Complex/+4slip.png using Guid(0c9457bd702cd17448e4bbb18a16b84e) Importer(815301076,1909f56bfc062723c751e8b465ee728b)  -> (artifact id: 'd29e01fbd5149a5906c1697d58ae5679') in 0.031441 seconds
Number of updated asset objects reloaded before import = 0
Number of asset objects unloaded after import = 2
========================================================================
Received Import Request.
  Time since last request: 0.000033 seconds.
  path: Assets/Maps/Quake - E1M1 The Slipgate Complex/+2planet.png
  artifactKey: Guid(8883bb92c4b92934c8bc6673a89213c4) Importer(815301076,1909f56bfc062723c751e8b465ee728b)
Start importing Assets/Maps/Quake - E1M1 The Slipgate Complex/+2planet.png using Guid(8883bb92c4b92934c8bc6673a89213c4) Importer(815301076,1909f56bfc062723c751e8b465ee728b)  -> (artifact id: '502935e1867a9c7892daaa4e4510dd23') in 0.030328 seconds
Number of updated asset objects reloaded before import = 0
Number of asset objects unloaded after import = 2
========================================================================
Received Import Request.
  Time since last request: 0.000035 seconds.
  path: Assets/Maps/Quake - E1M1 The Slipgate Complex/+2slip.png
  artifactKey: Guid(314b18cfa3cbe1e4e8a38fa3ff8557bd) Importer(815301076,1909f56bfc062723c751e8b465ee728b)
Start importing Assets/Maps/Quake - E1M1 The Slipgate Complex/+2slip.png using Guid(314b18cfa3cbe1e4e8a38fa3ff8557bd) Importer(815301076,1909f56bfc062723c751e8b465ee728b)  -> (artifact id: '7529007fe4ee676103ea71fdaf8cb520') in 0.030250 seconds
Number of updated asset objects reloaded before import = 0
Number of asset objects unloaded after import = 2
========================================================================
Received Import Request.
  Time since last request: 0.000031 seconds.
  path: Assets/Maps/Quake - E1M1 The Slipgate Complex/tech01_6.png
  artifactKey: Guid(ef7c7911bf3f52843ad7e604a1e661c3) Importer(815301076,1909f56bfc062723c751e8b465ee728b)
Start importing Assets/Maps/Quake - E1M1 The Slipgate Complex/tech01_6.png using Guid(ef7c7911bf3f52843ad7e604a1e661c3) Importer(815301076,1909f56bfc062723c751e8b465ee728b)  -> (artifact id: 'e4de475907bb4bc87ab36ee6c9b632f3') in 0.027588 seconds
Number of updated asset objects reloaded before import = 0
Number of asset objects unloaded after import = 2
========================================================================
Received Import Request.
  Time since last request: 0.000035 seconds.
  path: Assets/Maps/Quake - E1M1 The Slipgate Complex/+1basebtn.png
  artifactKey: Guid(8f6d1445fe1ec0e4b94dd064649b5fda) Importer(815301076,1909f56bfc062723c751e8b465ee728b)
Start importing Assets/Maps/Quake - E1M1 The Slipgate Complex/+1basebtn.png using Guid(8f6d1445fe1ec0e4b94dd064649b5fda) Importer(815301076,1909f56bfc062723c751e8b465ee728b)  -> (artifact id: 'aea783c6ebe4b132cbe5ae7c0bf2f64a') in 0.024229 seconds
Number of updated asset objects reloaded before import = 0
Number of asset objects unloaded after import = 2
========================================================================
Received Import Request.
  Time since last request: 0.000030 seconds.
  path: Assets/Maps/Quake - E1M1 The Slipgate Complex/ground1_6.png
  artifactKey: Guid(52fcff0f424f16d4d91eaa197e6ca554) Importer(815301076,1909f56bfc062723c751e8b465ee728b)
Start importing Assets/Maps/Quake - E1M1 The Slipgate Complex/ground1_6.png using Guid(52fcff0f424f16d4d91eaa197e6ca554) Importer(815301076,1909f56bfc062723c751e8b465ee728b)  -> (artifact id: 'f04672f3dfdd2cdfb48c216013f451ba') in 0.027082 seconds
Number of updated asset objects reloaded before import = 0
Number of asset objects unloaded after import = 2
========================================================================
Received Import Request.
  Time since last request: 0.000025 seconds.
  path: Assets/Maps/Quake - E1M1 The Slipgate Complex/slip1_emission.png
  artifactKey: Guid(0da8740421194c045a6a0310bbc5d971) Importer(815301076,1909f56bfc062723c751e8b465ee728b)
Start importing Assets/Maps/Quake - E1M1 The Slipgate Complex/slip1_emission.png using Guid(0da8740421194c045a6a0310bbc5d971) Importer(815301076,1909f56bfc062723c751e8b465ee728b)  -> (artifact id: '8e1187502f41d379f7162b25b349a78f') in 0.024952 seconds
Number of updated asset objects reloaded before import = 0
Number of asset objects unloaded after import = 2
========================================================================
Received Import Request.
  Time since last request: 0.000027 seconds.
  path: Assets/Maps/Quake - E1M1 The Slipgate Complex/comp1_1.png
  artifactKey: Guid(c7e6c2d660c23fc40b3d0a2da5c6f5d8) Importer(815301076,1909f56bfc062723c751e8b465ee728b)
Start importing Assets/Maps/Quake - E1M1 The Slipgate Complex/comp1_1.png using Guid(c7e6c2d660c23fc40b3d0a2da5c6f5d8) Importer(815301076,1909f56bfc062723c751e8b465ee728b)  -> (artifact id: '66dd61166434cf9e7dc2292af98f57d9') in 0.025823 seconds
Number of updated asset objects reloaded before import = 0
Number of asset objects unloaded after import = 2
========================================================================
Received Import Request.
  Time since last request: 0.000029 seconds.
  path: Assets/Maps/Quake - E1M1 The Slipgate Complex/ecop1_6.png
  artifactKey: Guid(1d1e194e845ddad4dbaebeda40542c83) Importer(815301076,1909f56bfc062723c751e8b465ee728b)
Start importing Assets/Maps/Quake - E1M1 The Slipgate Complex/ecop1_6.png using Guid(1d1e194e845ddad4dbaebeda40542c83) Importer(815301076,1909f56bfc062723c751e8b465ee728b)  -> (artifact id: 'e592d4be5fd7a879d669eec585b40384') in 0.030503 seconds
Number of updated asset objects reloaded before import = 0
Number of asset objects unloaded after import = 2
========================================================================
Received Import Request.
  Time since last request: 0.000036 seconds.
  path: Assets/Maps/Quake - E1M1 The Slipgate Complex/+6slip_emission.png
  artifactKey: Guid(35b34d1dbf268b649b629276c4a7714e) Importer(815301076,1909f56bfc062723c751e8b465ee728b)
Start importing Assets/Maps/Quake - E1M1 The Slipgate Complex/+6slip_emission.png using Guid(35b34d1dbf268b649b629276c4a7714e) Importer(815301076,1909f56bfc062723c751e8b465ee728b)  -> (artifact id: 'ce88d3ec368d5f5af10e777f447f47a1') in 0.057853 seconds
Number of updated asset objects reloaded before import = 0
Number of asset objects unloaded after import = 2
========================================================================
Received Import Request.
  Time since last request: 0.000531 seconds.
  path: Assets/Maps/Quake - E1M1 The Slipgate Complex/e1m1.obj
  artifactKey: Guid(fffa8bd6208e15146a0d106736e82f3b) Importer(815301076,1909f56bfc062723c751e8b465ee728b)
Start importing Assets/Maps/Quake - E1M1 The Slipgate Complex/e1m1.obj using Guid(fffa8bd6208e15146a0d106736e82f3b) Importer(815301076,1909f56bfc062723c751e8b465ee728b)  -> (artifact id: 'ea2aed556271431483c1787d9dd1ac5d') in 0.452813 seconds
Number of updated asset objects reloaded before import = 0
Number of asset objects unloaded after import = 131
Editor requested this worker to shutdown with reason: Scaling down because of idle timeout
TcpMessagingSession - receive error
AssetImportWorkerClient::OnTransportError - code=2 error=End of file
AssetImportWorker is now disconnected from the server
Process exiting
Exiting without the bug reporter. Application will terminate with return code 0