Using pre-set license
Built from '2022.3/release' branch; Version is '2022.3.20f1 (61c2feb0970d) revision 6406910'; Using compiler version '192829333'; Build Type 'Release'
OS: 'Windows 11  (10.0.22631) 64bit Core' Language: 'pt' Physical Memory: 15731 MB
BatchMode: 1, IsHumanControllingUs: 0, StartBugReporterOnCrash: 0, Is64bit: 1, IsPro: 1

COMMAND LINE ARGUMENTS:
C:\Program Files\Unity\Hub\Editor\2022.3.20f1\Editor\Unity.exe
-adb2
-batchMode
-noUpm
-name
AssetImportWorker4
-projectPath
C:/Users/digas/Desktop/Uni/2Âº Ano/S2/TM/TP1-29950-29216-master
-logFile
Logs/AssetImportWorker4.log
-srvPort
58106
Successfully changed project path to: C:/Users/digas/Desktop/Uni/2Âº Ano/S2/TM/TP1-29950-29216-master
C:/Users/digas/Desktop/Uni/2Âº Ano/S2/TM/TP1-29950-29216-master
[UnityMemory] Configuration Parameters - Can be set up in boot.config
    "memorysetup-bucket-allocator-granularity=16"
    "memorysetup-bucket-allocator-bucket-count=8"
    "memorysetup-bucket-allocator-block-size=33554432"
    "memorysetup-bucket-allocator-block-count=8"
    "memorysetup-main-allocator-block-size=16777216"
    "memorysetup-thread-allocator-block-size=16777216"
    "memorysetup-gfx-main-allocator-block-size=16777216"
    "memorysetup-gfx-thread-allocator-block-size=16777216"
    "memorysetup-cache-allocator-block-size=4194304"
    "memorysetup-typetree-allocator-block-size=2097152"
    "memorysetup-profiler-bucket-allocator-granularity=16"
    "memorysetup-profiler-bucket-allocator-bucket-count=8"
    "memorysetup-profiler-bucket-allocator-block-size=33554432"
    "memorysetup-profiler-bucket-allocator-block-count=8"
    "memorysetup-profiler-allocator-block-size=16777216"
    "memorysetup-profiler-editor-allocator-block-size=1048576"
    "memorysetup-temp-allocator-size-main=16777216"
    "memorysetup-job-temp-allocator-block-size=2097152"
    "memorysetup-job-temp-allocator-block-size-background=1048576"
    "memorysetup-job-temp-allocator-reduction-small-platforms=262144"
    "memorysetup-allocator-temp-initial-block-size-main=262144"
    "memorysetup-allocator-temp-initial-block-size-worker=262144"
    "memorysetup-temp-allocator-size-background-worker=32768"
    "memorysetup-temp-allocator-size-job-worker=262144"
    "memorysetup-temp-allocator-size-preload-manager=33554432"
    "memorysetup-temp-allocator-size-nav-mesh-worker=65536"
    "memorysetup-temp-allocator-size-audio-worker=65536"
    "memorysetup-temp-allocator-size-cloud-worker=32768"
    "memorysetup-temp-allocator-size-gi-baking-worker=262144"
    "memorysetup-temp-allocator-size-gfx=262144"
Player connection [7940] Host "[IP] 192.168.56.1 [Port] 0 [Flags] 2 [Guid] 2025510574 [EditorId] 2025510574 [Version] 1048832 [Id] WindowsEditor(7,PC_DIOGO) [Debug] 1 [PackageName] WindowsEditor [ProjectName] Editor" joined multi-casting on [225.0.0.222:54997]...

Player connection [7940] Host "[IP] 192.168.56.1 [Port] 0 [Flags] 2 [Guid] 2025510574 [EditorId] 2025510574 [Version] 1048832 [Id] WindowsEditor(7,PC_DIOGO) [Debug] 1 [PackageName] WindowsEditor [ProjectName] Editor" joined alternative multi-casting on [225.0.0.222:34997]...

[Physics::Module] Initialized MultithreadedJobDispatcher with 15 workers.
Refreshing native plugins compatible for Editor in 90.89 ms, found 3 plugins.
Preloading 0 native plugins for Editor in 0.00 ms.
Initialize engine version: 2022.3.20f1 (61c2feb0970d)
[Subsystems] Discovering subsystems at path C:/Program Files/Unity/Hub/Editor/2022.3.20f1/Editor/Data/Resources/UnitySubsystems
[Subsystems] Discovering subsystems at path C:/Users/digas/Desktop/Uni/2Âº Ano/S2/TM/TP1-29950-29216-master/Assets
GfxDevice: creating device client; threaded=0; jobified=0
Direct3D:
    Version:  Direct3D 11.0 [level 11.1]
    Renderer: NVIDIA GeForce RTX 2060 (ID=0x1f15)
    Vendor:   NVIDIA
    VRAM:     5955 MB
    Driver:   31.0.15.5212
Initialize mono
Mono path[0] = 'C:/Program Files/Unity/Hub/Editor/2022.3.20f1/Editor/Data/Managed'
Mono path[1] = 'C:/Program Files/Unity/Hub/Editor/2022.3.20f1/Editor/Data/MonoBleedingEdge/lib/mono/unityjit-win32'
Mono config path = 'C:/Program Files/Unity/Hub/Editor/2022.3.20f1/Editor/Data/MonoBleedingEdge/etc'
Using monoOptions --debugger-agent=transport=dt_socket,embedding=1,server=y,suspend=n,address=127.0.0.1:56844
Begin MonoManager ReloadAssembly
Registering precompiled unity dll's ...
Register platform support module: C:/Program Files/Unity/Hub/Editor/2022.3.20f1/Editor/Data/PlaybackEngines/WebGLSupport/UnityEditor.WebGL.Extensions.dll
Register platform support module: C:/Program Files/Unity/Hub/Editor/2022.3.20f1/Editor/Data/PlaybackEngines/WindowsStandaloneSupport/UnityEditor.WindowsStandalone.Extensions.dll
Registered in 0.020958 seconds.
- Loaded All Assemblies, in  0.908 seconds
Native extension for WindowsStandalone target not found
Native extension for WebGL target not found
Mono: successfully reloaded assembly
- Finished resetting the current domain, in  0.360 seconds
Domain Reload Profiling: 1265ms
	BeginReloadAssembly (180ms)
		ExecutionOrderSort (0ms)
		DisableScriptedObjects (0ms)
		BackupInstance (0ms)
		ReleaseScriptingObjects (0ms)
		CreateAndSetChildDomain (1ms)
	RebuildCommonClasses (221ms)
	RebuildNativeTypeToScriptingClass (11ms)
	initialDomainReloadingComplete (97ms)
	LoadAllAssembliesAndSetupDomain (395ms)
		LoadAssemblies (176ms)
		RebuildTransferFunctionScriptingTraits (0ms)
		AnalyzeDomain (393ms)
			TypeCache.Refresh (391ms)
				TypeCache.ScanAssembly (377ms)
			ScanForSourceGeneratedMonoScriptInfo (0ms)
			ResolveRequiredComponents (1ms)
	FinalizeReload (361ms)
		ReleaseScriptCaches (0ms)
		RebuildScriptCaches (0ms)
		SetupLoadedEditorAssemblies (290ms)
			LogAssemblyErrors (0ms)
			InitializePlatformSupportModulesInManaged (13ms)
			SetLoadedEditorAssemblies (6ms)
			RefreshPlugins (0ms)
			BeforeProcessingInitializeOnLoad (2ms)
			ProcessInitializeOnLoadAttributes (169ms)
			ProcessInitializeOnLoadMethodAttributes (100ms)
			AfterProcessingInitializeOnLoad (0ms)
			EditorAssembliesLoaded (0ms)
		ExecutionOrderSort2 (0ms)
		AwakeInstancesAfterBackupRestoration (0ms)
========================================================================
Worker process is ready to serve import requests
Begin MonoManager ReloadAssembly
- Loaded All Assemblies, in  0.983 seconds
Refreshing native plugins compatible for Editor in 5.70 ms, found 3 plugins.
Native extension for WindowsStandalone target not found
Native extension for WebGL target not found
Package Manager log level set to [2]
[Package Manager] Server::EnsureServerProcessIsRunning -- launch failed, reason: Unity was launched with the -noUpm command-line argument
[Package Manager] UpmClient::Send -- Unable to send message (not connected to UPM process).
[Package Manager] Cannot connect to Unity Package Manager local server
Mono: successfully reloaded assembly
- Finished resetting the current domain, in  0.797 seconds
Domain Reload Profiling: 1773ms
	BeginReloadAssembly (249ms)
		ExecutionOrderSort (0ms)
		DisableScriptedObjects (9ms)
		BackupInstance (0ms)
		ReleaseScriptingObjects (0ms)
		CreateAndSetChildDomain (38ms)
	RebuildCommonClasses (51ms)
	RebuildNativeTypeToScriptingClass (13ms)
	initialDomainReloadingComplete (61ms)
	LoadAllAssembliesAndSetupDomain (602ms)
		LoadAssemblies (500ms)
		RebuildTransferFunctionScriptingTraits (0ms)
		AnalyzeDomain (242ms)
			TypeCache.Refresh (213ms)
				TypeCache.ScanAssembly (193ms)
			ScanForSourceGeneratedMonoScriptInfo (23ms)
			ResolveRequiredComponents (5ms)
	FinalizeReload (797ms)
		ReleaseScriptCaches (0ms)
		RebuildScriptCaches (0ms)
		SetupLoadedEditorAssemblies (578ms)
			LogAssemblyErrors (0ms)
			InitializePlatformSupportModulesInManaged (10ms)
			SetLoadedEditorAssemblies (6ms)
			RefreshPlugins (0ms)
			BeforeProcessingInitializeOnLoad (77ms)
			ProcessInitializeOnLoadAttributes (453ms)
			ProcessInitializeOnLoadMethodAttributes (22ms)
			AfterProcessingInitializeOnLoad (12ms)
			EditorAssembliesLoaded (0ms)
		ExecutionOrderSort2 (0ms)
		AwakeInstancesAfterBackupRestoration (13ms)
Launched and connected shader compiler UnityShaderCompiler.exe after 0.07 seconds
Refreshing native plugins compatible for Editor in 6.09 ms, found 3 plugins.
Preloading 0 native plugins for Editor in 0.00 ms.
Unloading 3337 Unused Serialized files (Serialized files now loaded: 0)
Unloading 44 unused Assets / (1.8 MB). Loaded Objects now: 3789.
Memory consumption went from 216.0 MB to 214.3 MB.
Total: 3.753200 ms (FindLiveObjects: 0.323000 ms CreateObjectMapping: 0.099700 ms MarkObjects: 2.819900 ms  DeleteObjects: 0.508700 ms)

AssetImportParameters requested are different than current active one (requested -> active):
  custom:container-demuxer-ogg: 62fdf1f143b41e24485cea50d1cbac27 -> 
  custom:video-codec-MediaFoundation-h265: 746d11721c4dcdbdad8f713fa42b33f4 -> 
  custom:video-decoder-ogg-theora: a1e56fd34408186e4bbccfd4996cb3dc -> 
  custom:framework-win-MediaFoundation: 216162199b28c13a410421893ffa2e32 -> 
  custom:CustomObjectIndexerAttribute: 6d391050e5a25f67b0a2c618074f2cd9 -> 
  custom:container-demuxer-webm: 4f35f7cbe854078d1ac9338744f61a02 -> 
  custom:container-muxer-webm: aa71ff27fc2769a1b78a27578f13a17b -> 
  custom:video-decoder-webm-vp8: 9c59270c3fd7afecdb556c50c9e8de78 -> 
  custom:SearchIndexIgnoredProperties: e643bd26f0fe6173181afceb89e7c659 -> 
  custom:AudioImporter_EditorPlatform: d09bf68614088b80899f8185d706f6e7 -> 
  custom:video-encoder-webm-vp8: eb34c28f22e8b96e1ab97ce403110664 -> 
  custom:audio-decoder-ogg-vorbis: bf7c407c2cedff20999df2af8eb42d56 -> 
  custom:audio-encoder-webm-vorbis: bf7c407c2cedff20999df2af8eb42d56 -> 
========================================================================
Received Import Request.
  Time since last request: 51877.724513 seconds.
  path: Assets/Models/FinalBoss/Vampire_MAT_Transparent.mat
  artifactKey: Guid(7620ed1cb35023046b34509eeb946461) Importer(815301076,1909f56bfc062723c751e8b465ee728b)
Start importing Assets/Models/FinalBoss/Vampire_MAT_Transparent.mat using Guid(7620ed1cb35023046b34509eeb946461) Importer(815301076,1909f56bfc062723c751e8b465ee728b)  -> (artifact id: 'cca3c4011e790c4ac2a4a58cecfe47f5') in 0.136852 seconds
Number of updated asset objects reloaded before import = 0
Number of asset objects unloaded after import = 1
========================================================================
Received Import Request.
  Time since last request: 25.261333 seconds.
  path: Assets/Models/FinalBoss/Vampire_MAT1.mat
  artifactKey: Guid(08a8768abe537f842b9d94f5c9160c36) Importer(815301076,1909f56bfc062723c751e8b465ee728b)
Start importing Assets/Models/FinalBoss/Vampire_MAT1.mat using Guid(08a8768abe537f842b9d94f5c9160c36) Importer(815301076,1909f56bfc062723c751e8b465ee728b)  -> (artifact id: 'c5be5b99ddca3290790fb909ce15c736') in 0.018828 seconds
Number of updated asset objects reloaded before import = 0
Number of asset objects unloaded after import = 1
========================================================================
Received Import Request.
  Time since last request: 32.772853 seconds.
  path: Assets/Models/FinalBoss/Vampire_normal.png
  artifactKey: Guid(9136010590add3a469b564c435848613) Importer(815301076,1909f56bfc062723c751e8b465ee728b)
Start importing Assets/Models/FinalBoss/Vampire_normal.png using Guid(9136010590add3a469b564c435848613) Importer(815301076,1909f56bfc062723c751e8b465ee728b)  -> (artifact id: '6612a54be9293cbf73819675f6d0ed64') in 0.069106 seconds
Number of updated asset objects reloaded before import = 0
Number of asset objects unloaded after import = 2
========================================================================
Received Import Request.
  Time since last request: 39.050806 seconds.
  path: Assets/Models/FinalBoss/Vampire_diffuse 1.png
  artifactKey: Guid(3f943ec465d66e94e9d4dd6ae35315a2) Importer(815301076,1909f56bfc062723c751e8b465ee728b)
Start importing Assets/Models/FinalBoss/Vampire_diffuse 1.png using Guid(3f943ec465d66e94e9d4dd6ae35315a2) Importer(815301076,1909f56bfc062723c751e8b465ee728b)  -> (artifact id: '26d158bc3edcb6ad2e3234d73a8c51f2') in 0.040514 seconds
Number of updated asset objects reloaded before import = 0
Number of asset objects unloaded after import = 2
========================================================================
Received Import Request.
  Time since last request: 0.000027 seconds.
  path: Assets/Models/FinalBoss/Vampire_emission 1.png
  artifactKey: Guid(f4f4514ffd42cda4f9d7bdc11738556a) Importer(815301076,1909f56bfc062723c751e8b465ee728b)
Start importing Assets/Models/FinalBoss/Vampire_emission 1.png using Guid(f4f4514ffd42cda4f9d7bdc11738556a) Importer(815301076,1909f56bfc062723c751e8b465ee728b)  -> (artifact id: '4705cf2ce1975414fec02596d1c1aa4d') in 0.032476 seconds
Number of updated asset objects reloaded before import = 0
Number of asset objects unloaded after import = 2
========================================================================
Received Import Request.
  Time since last request: 0.000036 seconds.
  path: Assets/Models/FinalBoss/Vampire_MAT1.mat
  artifactKey: Guid(08a8768abe537f842b9d94f5c9160c36) Importer(815301076,1909f56bfc062723c751e8b465ee728b)
Start importing Assets/Models/FinalBoss/Vampire_MAT1.mat using Guid(08a8768abe537f842b9d94f5c9160c36) Importer(815301076,1909f56bfc062723c751e8b465ee728b)  -> (artifact id: '2054e7edabecac9397c1e43a3db906ab') in 0.192478 seconds
Number of updated asset objects reloaded before import = 0
Number of asset objects unloaded after import = 5
========================================================================
Received Import Request.
  Time since last request: 5.764157 seconds.
  path: Assets/Models/FinalBoss/Vampire_diffuse 2.png
  artifactKey: Guid(b396a06b6f58e4841abd2205b7e454fa) Importer(815301076,1909f56bfc062723c751e8b465ee728b)
Start importing Assets/Models/FinalBoss/Vampire_diffuse 2.png using Guid(b396a06b6f58e4841abd2205b7e454fa) Importer(815301076,1909f56bfc062723c751e8b465ee728b)  -> (artifact id: 'a4ac89d18a195ed91ba1dafe78b1321c') in 0.035803 seconds
Number of updated asset objects reloaded before import = 0
Number of asset objects unloaded after import = 2
========================================================================
Received Import Request.
  Time since last request: 0.000033 seconds.
  path: Assets/Models/FinalBoss/Vampire_normal_2 1.png
  artifactKey: Guid(c53201b05495df145a34c34306213209) Importer(815301076,1909f56bfc062723c751e8b465ee728b)
Start importing Assets/Models/FinalBoss/Vampire_normal_2 1.png using Guid(c53201b05495df145a34c34306213209) Importer(815301076,1909f56bfc062723c751e8b465ee728b)  -> (artifact id: 'e3059486a4432151e1f0fb8d85ef754d') in 0.029959 seconds
Number of updated asset objects reloaded before import = 0
Number of asset objects unloaded after import = 2
========================================================================
Received Import Request.
  Time since last request: 0.000036 seconds.
  path: Assets/Models/FinalBoss/Vampire_diffuse_transparent 3.png
  artifactKey: Guid(859c52a3b79911348b442ccd94b01784) Importer(815301076,1909f56bfc062723c751e8b465ee728b)
Start importing Assets/Models/FinalBoss/Vampire_diffuse_transparent 3.png using Guid(859c52a3b79911348b442ccd94b01784) Importer(815301076,1909f56bfc062723c751e8b465ee728b)  -> (artifact id: 'c10c4daab7f3d3358e102d403b5b2c47') in 0.041155 seconds
Number of updated asset objects reloaded before import = 0
Number of asset objects unloaded after import = 2
========================================================================
Received Import Request.
  Time since last request: 0.000029 seconds.
  path: Assets/Models/FinalBoss/Vampire_MAT1 1.mat
  artifactKey: Guid(6ac5c2d9b35ecdf41bbf3399ed604ac0) Importer(815301076,1909f56bfc062723c751e8b465ee728b)
Start importing Assets/Models/FinalBoss/Vampire_MAT1 1.mat using Guid(6ac5c2d9b35ecdf41bbf3399ed604ac0) Importer(815301076,1909f56bfc062723c751e8b465ee728b)  -> (artifact id: '233fd9024793943cfa7cf3fd7ccf9a49') in 0.029625 seconds
Number of updated asset objects reloaded before import = 0
Number of asset objects unloaded after import = 5
========================================================================
Received Import Request.
  Time since last request: 0.000042 seconds.
  path: Assets/Models/FinalBoss/Vampire_emission 3.png
  artifactKey: Guid(938c41be1a58deb45949b450879911df) Importer(815301076,1909f56bfc062723c751e8b465ee728b)
Start importing Assets/Models/FinalBoss/Vampire_emission 3.png using Guid(938c41be1a58deb45949b450879911df) Importer(815301076,1909f56bfc062723c751e8b465ee728b)  -> (artifact id: '35a6744718781929f84f02a07bcf248b') in 0.035239 seconds
Number of updated asset objects reloaded before import = 0
Number of asset objects unloaded after import = 2
Editor requested this worker to shutdown with reason: Scaling down because of idle timeout
TcpMessagingSession - receive error: operation aborted. errorcode: 995, details: A operação de E/S foi cancelada devido a uma saída do módulo ou a um pedido da aplicação.
AssetImportWorker is now disconnected from the server
Process exiting
Exiting without the bug reporter. Application will terminate with return code 0